<?xml version="1.0" encoding="UTF-8"?>
<!-- Generated by org.testng.reporters.JUnitReportReporter -->
<testsuite skipped="0" hostname="SURANA" name="Homework7Program.BlueStone6" tests="1" failures="0" timestamp="2020-01-06T21:59:21 IST" time="66.674" errors="0">
  <testcase name="ring" time="66.674" classname="Homework7Program.BlueStone6"/>
</testsuite> <!-- Homework7Program.BlueStone6 -->
