<?xml version="1.0" encoding="UTF-8"?>
<!-- Generated by org.testng.reporters.JUnitReportReporter -->
<testsuite skipped="0" hostname="SURANA" name="AssertProgram.TestReadXmlDatap" tests="5" failures="0" timestamp="2020-01-09T15:37:43 IST" time="0.020" errors="0">
  <testcase name="test" time="0.002" classname="AssertProgram.TestReadXmlDatap"/>
  <testcase name="test" time="0.001" classname="AssertProgram.TestReadXmlDatap"/>
  <testcase name="test" time="0.001" classname="AssertProgram.TestReadXmlDatap"/>
  <testcase name="test" time="0.014" classname="AssertProgram.TestReadXmlDatap"/>
  <testcase name="test" time="0.002" classname="AssertProgram.TestReadXmlDatap"/>
</testsuite> <!-- AssertProgram.TestReadXmlDatap -->
