<?xml version="1.0" encoding="UTF-8"?>
<!-- Generated by org.testng.reporters.JUnitReportReporter -->
<testsuite skipped="0" hostname="SURANA" name="Testing.TestNgBeforeAfterflow" tests="2" failures="0" timestamp="2020-01-06T18:57:55 IST" time="0.020" errors="0">
  <testcase name="Test1" time="0.015" classname="Testing.TestNgBeforeAfterflow"/>
  <testcase name="Test2" time="0.005" classname="Testing.TestNgBeforeAfterflow"/>
</testsuite> <!-- Testing.TestNgBeforeAfterflow -->
