<?xml version="1.0" encoding="UTF-8"?>
<!-- Generated by org.testng.reporters.JUnitReportReporter -->
<testsuite skipped="0" hostname="SURANA" name="TestNgItestLisner.Demo3TestNg" tests="1" failures="0" timestamp="2020-01-07T22:37:27 IST" time="33.040" errors="0">
  <testcase name="google" time="33.040" classname="TestNgItestLisner.Demo3TestNg"/>
</testsuite> <!-- TestNgItestLisner.Demo3TestNg -->
