<?xml version="1.0" encoding="UTF-8"?>
<!-- Generated by org.testng.reporters.JUnitReportReporter -->
<testsuite skipped="0" hostname="SURANA" name="Testing.BlueStoneTestng" tests="1" failures="0" timestamp="2020-01-03T23:03:02 IST" time="76.234" errors="0">
  <testcase name="demo" time="76.234" classname="Testing.BlueStoneTestng"/>
</testsuite> <!-- Testing.BlueStoneTestng -->
