<?xml version="1.0" encoding="UTF-8"?>
<!-- Generated by org.testng.reporters.JUnitReportReporter -->
<testsuite skipped="0" hostname="SURANA" name="AssertProgram.ListSoftAssertDemo$ListAssertDemo" tests="1" failures="0" timestamp="2020-01-08T15:10:48 IST" time="0.057" errors="0">
  <testcase name="demo" time="0.057" classname="AssertProgram.ListSoftAssertDemo$ListAssertDemo"/>
</testsuite> <!-- AssertProgram.ListSoftAssertDemo$ListAssertDemo -->
