<?xml version="1.0" encoding="UTF-8"?>
<!-- Generated by org.testng.reporters.JUnitReportReporter -->
<testsuite skipped="0" hostname="SURANA" name="Homework7Program.Senario20" tests="1" failures="0" timestamp="2020-01-07T15:32:14 IST" time="41.317" errors="0">
  <testcase name="ring" time="41.317" classname="Homework7Program.Senario20"/>
</testsuite> <!-- Homework7Program.Senario20 -->
