<?xml version="1.0" encoding="UTF-8"?>
<!-- Generated by org.testng.reporters.JUnitReportReporter -->
<testsuite skipped="0" hostname="SURANA" name="AssertProgram.DataProviderDemo" tests="3" failures="0" timestamp="2020-01-08T21:37:27 IST" time="219.951" errors="0">
  <testcase name="createUser" time="31.664" classname="AssertProgram.DataProviderDemo"/>
  <testcase name="createUser" time="33.264" classname="AssertProgram.DataProviderDemo"/>
  <testcase name="createUser" time="155.023" classname="AssertProgram.DataProviderDemo"/>
</testsuite> <!-- AssertProgram.DataProviderDemo -->
