<?xml version="1.0" encoding="UTF-8"?>
<!-- Generated by org.testng.reporters.JUnitReportReporter -->
<testsuite skipped="0" hostname="SURANA" name="Testing.TestNgDemo" tests="1" failures="0" timestamp="2020-01-03T22:40:46 IST" time="48.546" errors="0">
  <testcase name="demo" time="48.546" classname="Testing.TestNgDemo"/>
</testsuite> <!-- Testing.TestNgDemo -->
