<?xml version="1.0" encoding="UTF-8"?>
<!-- Generated by org.testng.reporters.JUnitReportReporter -->
<testsuite skipped="0" hostname="SURANA" name="AssertProgram.GmailDataProvider$DataProviderDemo" tests="3" failures="0" timestamp="2020-01-09T13:32:52 IST" time="257.895" errors="0">
  <testcase name="createUser" time="134.545" classname="AssertProgram.GmailDataProvider$DataProviderDemo"/>
  <testcase name="createUser" time="89.522" classname="AssertProgram.GmailDataProvider$DataProviderDemo"/>
  <testcase name="createUser" time="33.828" classname="AssertProgram.GmailDataProvider$DataProviderDemo"/>
</testsuite> <!-- AssertProgram.GmailDataProvider$DataProviderDemo -->
