<?xml version="1.0" encoding="UTF-8"?>
<!-- Generated by org.testng.reporters.JUnitReportReporter -->
<testsuite skipped="0" hostname="SURANA" name="Testing.RunMoreThanOneTimeInvocationCount" tests="6" failures="0" timestamp="2020-01-07T15:13:16 IST" time="0.087" errors="0">
  <testcase name="Demo1" time="0.010" classname="Testing.RunMoreThanOneTimeInvocationCount"/>
  <testcase name="Demo1" time="0.004" classname="Testing.RunMoreThanOneTimeInvocationCount"/>
  <testcase name="Demo1" time="0.004" classname="Testing.RunMoreThanOneTimeInvocationCount"/>
  <testcase name="Demo1" time="0.052" classname="Testing.RunMoreThanOneTimeInvocationCount"/>
  <testcase name="Demo1" time="0.004" classname="Testing.RunMoreThanOneTimeInvocationCount"/>
  <testcase name="Demo1" time="0.013" classname="Testing.RunMoreThanOneTimeInvocationCount"/>
</testsuite> <!-- Testing.RunMoreThanOneTimeInvocationCount -->
