<?xml version="1.0" encoding="UTF-8"?>
<!-- Generated by org.testng.reporters.JUnitReportReporter -->
<testsuite skipped="0" hostname="SURANA" name="Testing.TestNgGroupExicution" tests="6" failures="0" timestamp="2020-01-07T14:08:37 IST" time="0.066" errors="0">
  <testcase name="demo1" time="0.003" classname="Testing.TestNgGroupExicution"/>
  <testcase name="demo2" time="0.050" classname="Testing.TestNgGroupExicution"/>
  <testcase name="demo5" time="0.003" classname="Testing.TestNgGroupExicution"/>
  <testcase name="demo3" time="0.003" classname="Testing.TestNgGroupExicution"/>
  <testcase name="demo4" time="0.004" classname="Testing.TestNgGroupExicution"/>
  <testcase name="demo" time="0.003" classname="Testing.TestNgGroupExicution"/>
</testsuite> <!-- Testing.TestNgGroupExicution -->
