<?xml version="1.0" encoding="UTF-8"?>
<!-- Generated by org.testng.reporters.JUnitReportReporter -->
<testsuite skipped="0" hostname="SURANA" name="AssertProgram.ListAssertDemo" tests="1" failures="0" timestamp="2020-01-08T15:10:22 IST" time="0.034" errors="0">
  <testcase name="demo" time="0.034" classname="AssertProgram.ListAssertDemo"/>
</testsuite> <!-- AssertProgram.ListAssertDemo -->
