<?xml version="1.0" encoding="UTF-8"?>
<!-- Generated by org.testng.reporters.JUnitReportReporter -->
<testsuite skipped="0" hostname="SURANA" name="Testing.TestngPriorityForTest" tests="3" failures="0" timestamp="2020-01-08T13:40:04 IST" time="473.522" errors="0">
  <testcase name="demo3" time="131.921" classname="Testing.TestngPriorityForTest"/>
  <testcase name="demo" time="106.551" classname="Testing.TestngPriorityForTest"/>
  <testcase name="demo2" time="235.050" classname="Testing.TestngPriorityForTest"/>
</testsuite> <!-- Testing.TestngPriorityForTest -->
