<?xml version="1.0" encoding="UTF-8"?>
<!-- Generated by org.testng.reporters.JUnitReportReporter -->
<testsuite skipped="0" hostname="SURANA" name="Testing.TestNgDependonMethods" tests="4" failures="0" timestamp="2020-01-07T14:16:30 IST" time="0.076" errors="0">
  <testcase name="demo3" time="0.056" classname="Testing.TestNgDependonMethods"/>
  <testcase name="demo1" time="0.004" classname="Testing.TestNgDependonMethods"/>
  <testcase name="demo" time="0.012" classname="Testing.TestNgDependonMethods"/>
  <testcase name="demo2" time="0.004" classname="Testing.TestNgDependonMethods"/>
</testsuite> <!-- Testing.TestNgDependonMethods -->
