<?xml version="1.0" encoding="UTF-8"?>
<!-- Generated by org.testng.reporters.JUnitReportReporter -->
<testsuite skipped="0" hostname="SURANA" name="AssertProgram.AssertDemo" tests="1" failures="0" timestamp="2020-01-08T14:13:59 IST" time="0.074" errors="0">
  <testcase name="demo" time="0.074" classname="AssertProgram.AssertDemo"/>
</testsuite> <!-- AssertProgram.AssertDemo -->
