<?xml version="1.0" encoding="UTF-8"?>
<!-- Generated by org.testng.reporters.JUnitReportReporter -->
<testsuite skipped="0" hostname="SURANA" name="Homework7Program.Senario19" tests="1" failures="0" timestamp="2020-01-06T22:54:04 IST" time="254.335" errors="0">
  <testcase name="bluestone" time="254.335" classname="Homework7Program.Senario19"/>
</testsuite> <!-- Homework7Program.Senario19 -->
