<?xml version="1.0" encoding="UTF-8"?>
<!-- Generated by org.testng.reporters.JUnitReportReporter -->
<testsuite skipped="0" hostname="SURANA" name="Testing.BeforeAfterMethodTesting" tests="2" failures="0" timestamp="2020-01-06T14:39:42 IST" time="97.061" errors="0">
  <testcase name="demo2" time="64.407" classname="Testing.BeforeAfterMethodTesting"/>
  <testcase name="demo" time="32.654" classname="Testing.BeforeAfterMethodTesting"/>
</testsuite> <!-- Testing.BeforeAfterMethodTesting -->
