<?xml version="1.0" encoding="UTF-8"?>
<!-- Generated by org.testng.reporters.JUnitReportReporter -->
<testsuite skipped="0" hostname="SURANA" name="Homework7Program.Senario11" tests="1" failures="0" timestamp="2020-01-06T22:35:10 IST" time="55.256" errors="0">
  <testcase name="bluestone" time="55.256" classname="Homework7Program.Senario11"/>
</testsuite> <!-- Homework7Program.Senario11 -->
