<?xml version="1.0" encoding="UTF-8"?>
<!-- Generated by org.testng.reporters.JUnitReportReporter -->
<testsuite skipped="1" hostname="SURANA" name="Testing.DontRunAnyTestCaseEnable" tests="2" failures="0" timestamp="2020-01-06T19:07:55 IST" time="63.332" errors="0">
  <testcase name="demo2" time="63.332" classname="Testing.DontRunAnyTestCaseEnable"/>
  <testcase name="demo" classname="Testing.DontRunAnyTestCaseEnable">
    <skipped/>
  </testcase> <!-- demo -->
</testsuite> <!-- Testing.DontRunAnyTestCaseEnable -->
