<?xml version="1.0" encoding="UTF-8"?>
<!-- Generated by org.testng.reporters.JUnitReportReporter -->
<testsuite skipped="0" hostname="SURANA" name="Homework7Program.Senario10" tests="1" failures="0" timestamp="2020-01-06T22:26:03 IST" time="43.142" errors="0">
  <testcase name="bluestone" time="43.142" classname="Homework7Program.Senario10"/>
</testsuite> <!-- Homework7Program.Senario10 -->
