<?xml version="1.0" encoding="UTF-8"?>
<!-- Generated by org.testng.reporters.JUnitReportReporter -->
<testsuite skipped="0" hostname="SURANA" name="Homework7Program.BlueStone8" tests="1" failures="0" timestamp="2020-01-06T22:18:47 IST" time="53.075" errors="0">
  <testcase name="ring" time="53.075" classname="Homework7Program.BlueStone8"/>
</testsuite> <!-- Homework7Program.BlueStone8 -->
