<?xml version="1.0" encoding="UTF-8"?>
<!-- Generated by org.testng.reporters.JUnitReportReporter -->
<testsuite skipped="0" hostname="SURANA" name="Homework7Program.Bluestone7$BlueStone6" tests="1" failures="0" timestamp="2020-01-06T22:07:39 IST" time="52.726" errors="0">
  <testcase name="ring" time="52.726" classname="Homework7Program.Bluestone7$BlueStone6"/>
</testsuite> <!-- Homework7Program.Bluestone7$BlueStone6 -->
